d:\курсач\kdd-2018\kdd-2018\kdd-2018\debug\kdd-2018.pch
d:\курсач\kdd-2018\kdd-2018\kdd-2018\debug\vc141.pdb
d:\курсач\kdd-2018\kdd-2018\kdd-2018\debug\vc141.idb
d:\курсач\kdd-2018\kdd-2018\kdd-2018\debug\stdafx.obj
d:\курсач\kdd-2018\kdd-2018\kdd-2018\debug\pn.obj
d:\курсач\kdd-2018\kdd-2018\kdd-2018\debug\parm.obj
d:\курсач\kdd-2018\kdd-2018\kdd-2018\debug\mfst.obj
d:\курсач\kdd-2018\kdd-2018\kdd-2018\debug\lt.obj
d:\курсач\kdd-2018\kdd-2018\kdd-2018\debug\log.obj
d:\курсач\kdd-2018\kdd-2018\kdd-2018\debug\lexanalize.obj
d:\курсач\kdd-2018\kdd-2018\kdd-2018\debug\it.obj
d:\курсач\kdd-2018\kdd-2018\kdd-2018\debug\in.obj
d:\курсач\kdd-2018\kdd-2018\kdd-2018\debug\grb.obj
d:\курсач\kdd-2018\kdd-2018\kdd-2018\debug\generation.obj
d:\курсач\kdd-2018\kdd-2018\kdd-2018\debug\fst.obj
d:\курсач\kdd-2018\kdd-2018\kdd-2018\debug\error.obj
d:\курсач\kdd-2018\kdd-2018\kdd-2018\debug\kdd-2018.obj
d:\курсач\kdd-2018\kdd-2018\debug\kdd-2018.ilk
d:\курсач\kdd-2018\kdd-2018\debug\kdd-2018.exe
d:\курсач\kdd-2018\kdd-2018\debug\kdd-2018.pdb
d:\курсач\kdd-2018\kdd-2018\kdd-2018\debug\kdd-2018.tlog\cl.command.1.tlog
d:\курсач\kdd-2018\kdd-2018\kdd-2018\debug\kdd-2018.tlog\cl.read.1.tlog
d:\курсач\kdd-2018\kdd-2018\kdd-2018\debug\kdd-2018.tlog\cl.write.1.tlog
d:\курсач\kdd-2018\kdd-2018\kdd-2018\debug\kdd-2018.tlog\link.command.1.tlog
d:\курсач\kdd-2018\kdd-2018\kdd-2018\debug\kdd-2018.tlog\link.read.1.tlog
d:\курсач\kdd-2018\kdd-2018\kdd-2018\debug\kdd-2018.tlog\link.write.1.tlog
